This is pdfTeX, Version 3.1415926-2.4-1.40.13 (MiKTeX 2.9 64-bit) (preloaded format=pdflatex 2014.4.3)  16 JAN 2015 19:11
entering extended mode
**Research_2015.tex
(C:\Users\MKDramdahl\Documents\Research\XO-bias-study\LaTeX\Research_2015.tex
LaTeX2e <2011/06/27>
Babel <v3.8m> and hyphenation patterns for english, afrikaans, ancientgreek, ar
abic, armenian, assamese, basque, bengali, bokmal, bulgarian, catalan, coptic, 
croatian, czech, danish, dutch, esperanto, estonian, farsi, finnish, french, ga
lician, german, german-x-2012-05-30, german-x-2013-05-26, greek, gujarati, hind
i, hungarian, icelandic, indonesian, interlingua, irish, italian, kannada, kurm
anji, latin, latvian, lithuanian, malayalam, marathi, mongolian, mongolianlmc, 
monogreek, ngerman, ngerman-x-2012-05-30, ngerman-x-2013-05-26, nynorsk, oriya,
 panjabi, pinyin, polish, portuguese, romanian, russian, sanskrit, serbian, slo
vak, slovenian, spanish, swedish, swissgerman, tamil, telugu, turkish, turkmen,
 ukenglish, ukrainian, uppersorbian, usenglishmax, welsh, loaded.
("C:\Program Files\MiKTeX\tex\latex\base\article.cls"
Document Class: article 2007/10/19 v1.4h Standard LaTeX document class
("C:\Program Files\MiKTeX\tex\latex\base\size12.clo"
File: size12.clo 2007/10/19 v1.4h Standard LaTeX file (size option)
)
\c@part=\count79
\c@section=\count80
\c@subsection=\count81
\c@subsubsection=\count82
\c@paragraph=\count83
\c@subparagraph=\count84
\c@figure=\count85
\c@table=\count86
\abovecaptionskip=\skip41
\belowcaptionskip=\skip42
\bibindent=\dimen102
)
("C:\Program Files\MiKTeX\tex\latex\ltxmisc\parskip.sty"
Package: parskip 2001/04/09 non-zero parskip adjustments
)
("C:\Program Files\MiKTeX\tex\latex\psnfss\times.sty"
Package: times 2005/04/12 PSNFSS-v9.2a (SPQR) 
)
("C:\Program Files\MiKTeX\tex\latex\graphics\graphicx.sty"
Package: graphicx 1999/02/16 v1.0f Enhanced LaTeX Graphics (DPC,SPQR)

("C:\Program Files\MiKTeX\tex\latex\graphics\keyval.sty"
Package: keyval 1999/03/16 v1.13 key=value parser (DPC)
\KV@toks@=\toks14
)
("C:\Program Files\MiKTeX\tex\latex\graphics\graphics.sty"
Package: graphics 2009/02/05 v1.0o Standard LaTeX Graphics (DPC,SPQR)

("C:\Program Files\MiKTeX\tex\latex\graphics\trig.sty"
Package: trig 1999/03/16 v1.09 sin cos tan (DPC)
)
("C:\Program Files\MiKTeX\tex\latex\00miktex\graphics.cfg"
File: graphics.cfg 2007/01/18 v1.5 graphics configuration of teTeX/TeXLive
)
Package graphics Info: Driver file: pdftex.def on input line 91.

("C:\Program Files\MiKTeX\tex\latex\pdftex-def\pdftex.def"
File: pdftex.def 2011/05/27 v0.06d Graphics/color for pdfTeX

("C:\Program Files\MiKTeX\tex\generic\oberdiek\infwarerr.sty"
Package: infwarerr 2010/04/08 v1.3 Providing info/warning/error messages (HO)
)
("C:\Program Files\MiKTeX\tex\generic\oberdiek\ltxcmds.sty"
Package: ltxcmds 2011/11/09 v1.22 LaTeX kernel commands for general use (HO)
)
\Gread@gobject=\count87
))
\Gin@req@height=\dimen103
\Gin@req@width=\dimen104
)
("C:\Program Files\MiKTeX 2.9\tex\latex\algorithms\algorithm.sty"
Package: algorithm 2009/08/24 v0.1 Document Style `algorithm' - floating enviro
nment

("C:\Program Files\MiKTeX\tex\latex\float\float.sty"
Package: float 2001/11/08 v1.3d Float enhancements (AL)
\c@float@type=\count88
\float@exts=\toks15
\float@box=\box26
\@float@everytoks=\toks16
\@floatcapt=\box27
)
("C:\Program Files\MiKTeX\tex\latex\base\ifthen.sty"
Package: ifthen 2001/05/26 v1.1c Standard LaTeX ifthen package (DPC)
)
\@float@every@algorithm=\toks17
\c@algorithm=\count89
)
("C:\Program Files\MiKTeX 2.9\tex\latex\algorithms\algorithmic.sty"
Package: algorithmic 2009/08/24 v0.1 Document Style `algorithmic'
\c@ALC@unique=\count90
\c@ALC@line=\count91
\c@ALC@rem=\count92
\c@ALC@depth=\count93
\ALC@tlm=\skip43
\algorithmicindent=\skip44
)
("C:\Program Files\MiKTeX 2.9\tex\latex\caption\caption.sty"
Package: caption 2013/05/02 v3.3-89 Customizing captions (AR)

("C:\Program Files\MiKTeX 2.9\tex\latex\caption\caption3.sty"
Package: caption3 2013/05/02 v1.6-88 caption3 kernel (AR)
Package caption3 Info: TeX engine: e-TeX on input line 57.
\captionmargin=\dimen105
\captionmargin@=\dimen106
\captionwidth=\dimen107
\caption@tempdima=\dimen108
\caption@indent=\dimen109
\caption@parindent=\dimen110
\caption@hangindent=\dimen111
)
\c@ContinuedFloat=\count94
Package caption Info: float package is loaded.
)
("C:\Program Files\MiKTeX 2.9\tex\latex\ltxmisc\url.sty"
\Urlmuskip=\muskip10
Package: url 2006/04/12  ver 3.3  Verb mode for urls, etc.
)
\@float@every@Query=\toks18
\c@Query=\count95

(C:\Users\MKDramdahl\Documents\Research\XO-bias-study\LaTeX\Research_2015.aux)
LaTeX Font Info:    Checking defaults for OML/cmm/m/it on input line 48.
LaTeX Font Info:    ... okay on input line 48.
LaTeX Font Info:    Checking defaults for T1/cmr/m/n on input line 48.
LaTeX Font Info:    ... okay on input line 48.
LaTeX Font Info:    Checking defaults for OT1/cmr/m/n on input line 48.
LaTeX Font Info:    ... okay on input line 48.
LaTeX Font Info:    Checking defaults for OMS/cmsy/m/n on input line 48.
LaTeX Font Info:    ... okay on input line 48.
LaTeX Font Info:    Checking defaults for OMX/cmex/m/n on input line 48.
LaTeX Font Info:    ... okay on input line 48.
LaTeX Font Info:    Checking defaults for U/cmr/m/n on input line 48.
LaTeX Font Info:    ... okay on input line 48.
LaTeX Font Info:    Try loading font information for OT1+ptm on input line 48.

("C:\Program Files\MiKTeX\tex\latex\psnfss\ot1ptm.fd"
File: ot1ptm.fd 2001/06/04 font definitions for OT1/ptm.
)
("C:\Program Files\MiKTeX 2.9\tex\context\base\supp-pdf.mkii"
[Loading MPS to PDF converter (version 2006.09.02).]
\scratchcounter=\count96
\scratchdimen=\dimen112
\scratchbox=\box28
\nofMPsegments=\count97
\nofMParguments=\count98
\everyMPshowfont=\toks19
\MPscratchCnt=\count99
\MPscratchDim=\dimen113
\MPnumerator=\count100
\makeMPintoPDFobject=\count101
\everyMPtoPDFconversion=\toks20
)
Package caption Info: Begin \AtBeginDocument code.
Package caption Info: End \AtBeginDocument code.
LaTeX Font Info:    External font `cmex10' loaded for size
(Font)              <14.4> on input line 51.
LaTeX Font Info:    External font `cmex10' loaded for size
(Font)              <7> on input line 51.
LaTeX Font Info:    Font shape `OT1/ptm/bx/n' in size <10.95> not available
(Font)              Font shape `OT1/ptm/b/n' tried instead on input line 53.
LaTeX Font Info:    Font shape `OT1/ptm/bx/n' in size <17.28> not available
(Font)              Font shape `OT1/ptm/b/n' tried instead on input line 57.
LaTeX Font Info:    Font shape `OT1/ptm/bx/n' in size <14.4> not available
(Font)              Font shape `OT1/ptm/b/n' tried instead on input line 65.
 [1

{C:/Users/MKDramdahl/AppData/Local/MiKTeX/2.9/pdftex/config/pdftex.map}]
[2]
(C:\Users\MKDramdahl\Documents\Research\XO-bias-study\LaTeX\Research_2015.bbl

LaTeX Warning: Empty `thebibliography' environment on input line 3.

) [3]
(C:\Users\MKDramdahl\Documents\Research\XO-bias-study\LaTeX\Research_2015.aux) 
) 
Here is how much of TeX's memory you used:
 2565 strings out of 493906
 39211 string characters out of 3148061
 95356 words of memory out of 3000000
 5870 multiletter control sequences out of 15000+200000
 15498 words of font info for 32 fonts, out of 3000000 for 9000
 841 hyphenation exceptions out of 8191
 35i,6n,38p,251b,195s stack positions out of 5000i,500n,10000p,200000b,50000s
{C:/Program Files/MiKTeX/fonts/enc/dvips/fontname/8r.enc}<C:/Program Files/MiK
TeX/fonts/type1/urw/times/utmb8a.pfb><C:/Program Files/MiKTeX/fonts/type1/urw/t
imes/utmr8a.pfb>
Output written on Research_2015.pdf (3 pages, 31789 bytes).
PDF statistics:
 21 PDF objects out of 1000 (max. 8388607)
 0 named destinations out of 1000 (max. 500000)
 1 words of extra memory for PDF output out of 10000 (max. 10000000)

